
*****************************
VOISE Set Up -- version 1.3.2
*****************************

 * Image parameters
   ----------------

   size (in pixels)   =  301 x  291
   image centre (x,y) = 140.5 pixels, 250.5 pixels
   pixel size   (x,y) = 0.00245 R_J, 0.00245 R_J
   xlim               = -0.344225 R_J, 0.390775 R_J
   ylim               = -0.613725 R_J, 0.096775 R_J
   Wlim               = 35.7301, 648.838

   HSTPlanetParam     = 0

 * Seeding parameters
   ---------------

   Seeds number       = 12
   Seeding function   = poissonSeeds

 * Dividing parameters
   -------------------

   p_D                = 97.0
   d^2_m              = 4.0
   algo               = 3

 * Merging parameters
   -------------------

   p_M                = 50.0
   dmu                = 0.2
   ksd                = 2.0
   thresHoldLength    = 0.3
   algo               = 3

 * Regularising parameters
   -----------------------

   regMaxIter         = 2
   algo               = 3


*****************************
poissonSeeds: ns=12, minDist=85.15, card(S)=11
*** Initialising VOISE
*** Initialising completed.
*** Starting dividing phase
Homogeneity Criteria min=0.48 max=1.00 Q(97)=1.00
Iter  1 Adding 1 seeds to Voronoi Diagram
Homogeneity Criteria min=0.48 max=1.00 Q(97)=1.00
Iter  2 Adding 2 seeds to Voronoi Diagram
Homogeneity Criteria min=0.53 max=1.00 Q(97)=1.00
Iter  3 Adding 4 seeds to Voronoi Diagram
Homogeneity Criteria min=0.40 max=1.00 Q(97)=1.00
Iter  4 Adding 4 seeds to Voronoi Diagram
Homogeneity Criteria min=0.27 max=1.00 Q(97)=1.00
Iter  5 Adding 3 seeds to Voronoi Diagram
Homogeneity Criteria min=0.28 max=1.00 Q(97)=1.00
Iter  6 Adding 4 seeds to Voronoi Diagram
Homogeneity Criteria min=0.15 max=1.00 Q(97)=0.99
Iter  7 Adding 2 seeds to Voronoi Diagram
Homogeneity Criteria min=0.15 max=1.00 Q(97)=1.00
Iter  8 Adding 3 seeds to Voronoi Diagram
Homogeneity Criteria min=0.12 max=1.00 Q(97)=0.99
Iter  9 Adding 3 seeds to Voronoi Diagram
Homogeneity Criteria min=0.12 max=1.00 Q(97)=1.00
Iter 10 Adding 4 seeds to Voronoi Diagram
Homogeneity Criteria min=0.03 max=1.00 Q(97)=1.00
Iter 11 Adding 5 seeds to Voronoi Diagram
Homogeneity Criteria min=0.03 max=1.00 Q(97)=0.99
Iter 12 Adding 3 seeds to Voronoi Diagram
Homogeneity Criteria min=0.03 max=1.00 Q(97)=0.98
Iter 13 Adding 3 seeds to Voronoi Diagram
Homogeneity Criteria min=0.03 max=1.00 Q(97)=0.99
Iter 14 Adding 5 seeds to Voronoi Diagram
Homogeneity Criteria min=0.03 max=1.00 Q(97)=1.00
Iter 15 Adding 9 seeds to Voronoi Diagram
Homogeneity Criteria min=0.03 max=1.00 Q(97)=0.97
Iter 16 Adding 6 seeds to Voronoi Diagram
Homogeneity Criteria min=0.03 max=1.00 Q(97)=0.95
Iter 17 Adding 8 seeds to Voronoi Diagram
Homogeneity Criteria min=0.03 max=1.00 Q(97)=0.97
Iter 18 Adding 5 seeds to Voronoi Diagram
Homogeneity Criteria min=0.03 max=1.00 Q(97)=0.98
Iter 19 Adding 12 seeds to Voronoi Diagram
Homogeneity Criteria min=0.03 max=1.00 Q(97)=0.90
Iter 20 Adding 13 seeds to Voronoi Diagram
Homogeneity Criteria min=0.03 max=1.00 Q(97)=0.96
Iter 21 Adding 13 seeds to Voronoi Diagram
Homogeneity Criteria min=0.03 max=1.00 Q(97)=0.97
Iter 22 Adding 18 seeds to Voronoi Diagram
Homogeneity Criteria min=0.03 max=1.00 Q(97)=0.95
Iter 23 Adding 10 seeds to Voronoi Diagram
Homogeneity Criteria min=0.03 max=1.00 Q(97)=0.94
Iter 24 Adding 18 seeds to Voronoi Diagram
Homogeneity Criteria min=0.03 max=1.00 Q(97)=0.92
Iter 25 Adding 16 seeds to Voronoi Diagram
Homogeneity Criteria min=0.03 max=1.00 Q(97)=0.89
Iter 26 Adding 24 seeds to Voronoi Diagram
Homogeneity Criteria min=0.04 max=1.00 Q(97)=0.95
Iter 27 Adding 16 seeds to Voronoi Diagram
Homogeneity Criteria min=0.03 max=1.00 Q(97)=0.95
Iter 28 Adding 17 seeds to Voronoi Diagram
Homogeneity Criteria min=0.03 max=1.00 Q(97)=0.91
Iter 29 Adding 16 seeds to Voronoi Diagram
Homogeneity Criteria min=0.03 max=1.00 Q(97)=0.89
Iter 30 Adding 19 seeds to Voronoi Diagram
Homogeneity Criteria min=0.03 max=1.00 Q(97)=0.88
Iter 31 Adding 14 seeds to Voronoi Diagram
Homogeneity Criteria min=0.03 max=1.00 Q(97)=0.87
Iter 32 Adding 19 seeds to Voronoi Diagram
Homogeneity Criteria min=0.03 max=1.00 Q(97)=0.84
Iter 33 Adding 19 seeds to Voronoi Diagram
Homogeneity Criteria min=0.03 max=1.00 Q(97)=0.82
Iter 34 Adding 19 seeds to Voronoi Diagram
Homogeneity Criteria min=0.03 max=1.00 Q(97)=0.80
Iter 35 Adding 19 seeds to Voronoi Diagram
Homogeneity Criteria min=0.03 max=1.00 Q(97)=0.78
Iter 36 Adding 35 seeds to Voronoi Diagram
Homogeneity Criteria min=0.03 max=1.00 Q(97)=0.75
Iter 37 Adding 27 seeds to Voronoi Diagram
Homogeneity Criteria min=0.03 max=1.00 Q(97)=0.73
Iter 38 Adding 35 seeds to Voronoi Diagram
Homogeneity Criteria min=0.03 max=1.00 Q(97)=0.71
Iter 39 Adding 39 seeds to Voronoi Diagram
Homogeneity Criteria min=0.03 max=1.00 Q(97)=0.68
Iter 40 Adding 45 seeds to Voronoi Diagram
Homogeneity Criteria min=0.03 max=1.00 Q(97)=0.67
Iter 41 Adding 40 seeds to Voronoi Diagram
Homogeneity Criteria min=0.03 max=1.00 Q(97)=0.64
Iter 42 Adding 48 seeds to Voronoi Diagram
Homogeneity Criteria min=0.03 max=1.00 Q(97)=0.63
Iter 43 Adding 37 seeds to Voronoi Diagram
Homogeneity Criteria min=0.03 max=1.00 Q(97)=0.61
Iter 44 Adding 29 seeds to Voronoi Diagram
Homogeneity Criteria min=0.03 max=1.00 Q(97)=0.60
Iter 45 Adding 25 seeds to Voronoi Diagram
Homogeneity Criteria min=0.03 max=1.00 Q(97)=0.58
Iter 46 Adding 22 seeds to Voronoi Diagram
Homogeneity Criteria min=0.03 max=1.00 Q(97)=0.57
Iter 47 Adding 28 seeds to Voronoi Diagram
Homogeneity Criteria min=0.03 max=1.00 Q(97)=0.56
Iter 48 Adding 19 seeds to Voronoi Diagram
Homogeneity Criteria min=0.03 max=1.00 Q(97)=0.56
Iter 49 Adding 23 seeds to Voronoi Diagram
Homogeneity Criteria min=0.03 max=1.00 Q(97)=0.54
Iter 50 Adding 25 seeds to Voronoi Diagram
Homogeneity Criteria min=0.03 max=1.00 Q(97)=0.54
Iter 51 Adding 15 seeds to Voronoi Diagram
Homogeneity Criteria min=0.03 max=1.00 Q(97)=0.53
Iter 52 Adding 11 seeds to Voronoi Diagram
Homogeneity Criteria min=0.03 max=1.00 Q(97)=0.52
Iter 53 Adding 7 seeds to Voronoi Diagram
Homogeneity Criteria min=0.03 max=1.00 Q(97)=0.52
Iter 54 Adding 9 seeds to Voronoi Diagram
Homogeneity Criteria min=0.03 max=1.00 Q(97)=0.52
Iter 55 Adding 10 seeds to Voronoi Diagram
Homogeneity Criteria min=0.03 max=1.00 Q(97)=0.51
Iter 56 Adding 3 seeds to Voronoi Diagram
Homogeneity Criteria min=0.03 max=1.00 Q(97)=0.51
Iter 57 Adding 1 seeds to Voronoi Diagram
Homogeneity Criteria min=0.03 max=1.00 Q(97)=0.51
StopDiv = True
*** Dividing phase completed.
*** Starting merging phase
Homogeneity Criteria min=0.03 max=1.00 Q(50)=0.27
Elapsed time is 0.052519 seconds.
Iter  1 Removing 92 seeds from Voronoi Diagram
Homogeneity Criteria min=0.04 max=1.00 Q(50)=0.30
Elapsed time is 0.039131 seconds.
Iter  2 Removing 25 seeds from Voronoi Diagram
Homogeneity Criteria min=0.04 max=1.00 Q(50)=0.30
Elapsed time is 0.046846 seconds.
Iter  3 Removing 5 seeds from Voronoi Diagram
Homogeneity Criteria min=0.04 max=1.00 Q(50)=0.31
Elapsed time is 0.049249 seconds.
Iter  4 Removing 3 seeds from Voronoi Diagram
Homogeneity Criteria min=0.04 max=1.00 Q(50)=0.31
Elapsed time is 0.052525 seconds.
Iter  5 Removing 1 seeds from Voronoi Diagram
Homogeneity Criteria min=0.04 max=1.00 Q(50)=0.31
Elapsed time is 0.029879 seconds.
Elapsed time is 0.030629 seconds.
*** Merging phase completed.
*** Starting regularisation phase
Maximum distance seed/centre-of-mass 461.0 (330.7)
Iter  1 Computing regularised Voronoi Diagram for 774 seeds
Maximum distance seed/centre-of-mass 9.0 (6.4)
Iter  2 Computing regularised Voronoi Diagram for 774 seeds
*** Regularisation phase completed.
*** Saving VOISE results in ../share/output/poster/voise.mat
*** Total elapsed time 00:00:22 [hh:mm:ss].
