
*****************************
VOISE Set Up -- version 1.3.2
*****************************

 * Image parameters
   ----------------

   size (in pixels)   =  512 x  512
   image centre (x,y) = 0 pixels, 0 pixels
   pixel size   (x,y) = 1 pixels, 1 pixels
   xlim               = 0 pixels, 511 pixels
   ylim               = 0 pixels, 511 pixels
   Wlim               = 0, 128

   HSTPlanetParam     = 0

 * Seeding parameters
   ---------------

   Seeds number       = 100
   Seeding function   = poissonSeeds

 * Dividing parameters
   -------------------

   p_D                = 80.0
   d^2_m              = 5.0
   algo               = 3

 * Merging parameters
   -------------------

   p_M                = 50.0
   dmu                = 0.2
   ksd                = 2.0
   thresHoldLength    = 0.3
   algo               = 3

 * Regularising parameters
   -----------------------

   regMaxIter         = 2
   algo               = 3


*****************************
poissonSeeds: ns=100, minDist=51.10, card(S)=81
*** Initialising VOISE
*** Initialising completed.
*** Starting dividing phase
Homogeneity Criteria min=0.01 max=1.00 Q(80)=0.64
Iter  1 Adding 84 seeds to Voronoi Diagram
Homogeneity Criteria min=0.01 max=1.00 Q(80)=0.63
Iter  2 Adding 161 seeds to Voronoi Diagram
Homogeneity Criteria min=0.00 max=1.00 Q(80)=0.63
Iter  3 Adding 286 seeds to Voronoi Diagram
Homogeneity Criteria min=0.00 max=1.00 Q(80)=0.58
Iter  4 Adding 248 seeds to Voronoi Diagram
Homogeneity Criteria min=0.00 max=1.00 Q(80)=0.52
Iter  5 Adding 240 seeds to Voronoi Diagram
Homogeneity Criteria min=0.00 max=1.00 Q(80)=0.48
Iter  6 Adding 266 seeds to Voronoi Diagram
Homogeneity Criteria min=0.00 max=1.00 Q(80)=0.44
Iter  7 Adding 269 seeds to Voronoi Diagram
Homogeneity Criteria min=0.00 max=1.00 Q(80)=0.41
Iter  8 Adding 242 seeds to Voronoi Diagram
Homogeneity Criteria min=0.00 max=1.00 Q(80)=0.38
Iter  9 Adding 217 seeds to Voronoi Diagram
Homogeneity Criteria min=0.00 max=1.00 Q(80)=0.35
Iter 10 Adding 228 seeds to Voronoi Diagram
Homogeneity Criteria min=0.00 max=1.00 Q(80)=0.33
Iter 11 Adding 198 seeds to Voronoi Diagram
Homogeneity Criteria min=0.00 max=1.00 Q(80)=0.31
Iter 12 Adding 183 seeds to Voronoi Diagram
Homogeneity Criteria min=0.00 max=1.00 Q(80)=0.29
Iter 13 Adding 108 seeds to Voronoi Diagram
Homogeneity Criteria min=0.00 max=1.00 Q(80)=0.28
Iter 14 Adding 83 seeds to Voronoi Diagram
Homogeneity Criteria min=0.00 max=1.00 Q(80)=0.27
Iter 15 Adding 74 seeds to Voronoi Diagram
Homogeneity Criteria min=0.00 max=1.00 Q(80)=0.27
Iter 16 Adding 91 seeds to Voronoi Diagram
Homogeneity Criteria min=0.00 max=1.00 Q(80)=0.26
Iter 17 Adding 96 seeds to Voronoi Diagram
Homogeneity Criteria min=0.00 max=1.00 Q(80)=0.26
Iter 18 Adding 20 seeds to Voronoi Diagram
Homogeneity Criteria min=0.00 max=1.00 Q(80)=0.26
Iter 19 Adding 1 seeds to Voronoi Diagram
Homogeneity Criteria min=0.00 max=1.00 Q(80)=0.26
Iter 20 Adding 1 seeds to Voronoi Diagram
Homogeneity Criteria min=0.00 max=1.00 Q(80)=0.25
StopDiv = True
*** Dividing phase completed.
*** Starting merging phase
Homogeneity Criteria min=0.00 max=1.00 Q(50)=0.15
Elapsed time is 0.198730 seconds.
Iter  1 Removing 530 seeds from Voronoi Diagram
Homogeneity Criteria min=0.00 max=1.00 Q(50)=0.17
Elapsed time is 0.147644 seconds.
Iter  2 Removing 204 seeds from Voronoi Diagram
Homogeneity Criteria min=0.00 max=1.00 Q(50)=0.19
Elapsed time is 0.112491 seconds.
Iter  3 Removing 80 seeds from Voronoi Diagram
Homogeneity Criteria min=0.00 max=1.00 Q(50)=0.19
Elapsed time is 0.102422 seconds.
Iter  4 Removing 33 seeds from Voronoi Diagram
Homogeneity Criteria min=0.00 max=1.00 Q(50)=0.19
Elapsed time is 0.114293 seconds.
Iter  5 Removing 2 seeds from Voronoi Diagram
Homogeneity Criteria min=0.00 max=1.00 Q(50)=0.19
Elapsed time is 0.107629 seconds.
Elapsed time is 0.108556 seconds.
*** Merging phase completed.
*** Starting regularisation phase
Maximum distance seed/centre-of-mass 743.0 (546.5)
Iter  1 Computing regularised Voronoi Diagram for 2326 seeds
Maximum distance seed/centre-of-mass 26.0 (19.7)
Iter  2 Computing regularised Voronoi Diagram for 2326 seeds
*** Regularisation phase completed.
*** Saving VOISE results in ../share/output/ann/voise.mat
*** Total elapsed time 00:01:10 [hh:mm:ss].
