\BOOKMARK [0][-]{chapter.1}{\376\377\0001\000\040\000S\000K\000I\000Z\000\040\000V\000o\000r\000o\000n\000o\000i\000\040\000D\000i\000a\000g\000r\000a\000m\000\040\000T\000o\000o\000l\000\040\000a\000n\000d\000\040\000M\000a\000t\000l\000a\000b\000\040\000B\000i\000n\000d\000i\000n\000g\000s\000\040\000f\000o\000r\000\040\000V\000O\000I\000S\000E\000\040\000A\000l\000g\000o\000r\000i\000t\000h\000m}{}% 1
\BOOKMARK [1][-]{section.1.1}{\376\377\0001\000.\0001\000\040\000I\000n\000t\000r\000o\000d\000u\000c\000t\000i\000o\000n}{chapter.1}% 2
\BOOKMARK [1][-]{section.1.2}{\376\377\0001\000.\0002\000\040\000I\000n\000s\000t\000a\000l\000l\000a\000t\000i\000o\000n}{chapter.1}% 3
\BOOKMARK [2][-]{subsection.1.2.1}{\376\377\0001\000.\0002\000.\0001\000\040\000S\000t\000e\000p\000\040\0001\000:\000\040\000I\000n\000s\000t\000a\000l\000l\000a\000t\000i\000o\000n}{section.1.2}% 4
\BOOKMARK [1][-]{section.1.3}{\376\377\0001\000.\0003\000\040\000R\000e\000f\000e\000r\000e\000n\000c\000e\000s}{chapter.1}% 5
\BOOKMARK [0][-]{chapter.2}{\376\377\0002\000\040\000T\000e\000s\000t\000\040\000L\000i\000s\000t}{}% 6
\BOOKMARK [0][-]{chapter.3}{\376\377\0003\000\040\000M\000o\000d\000u\000l\000e\000\040\000I\000n\000d\000e\000x}{}% 7
\BOOKMARK [1][-]{section.3.1}{\376\377\0003\000.\0001\000\040\000G\000l\000o\000b\000a\000l\000\040\000F\000u\000n\000c\000t\000i\000o\000n\000s}{chapter.3}% 8
\BOOKMARK [0][-]{chapter.4}{\376\377\0004\000\040\000H\000i\000e\000r\000a\000r\000c\000h\000i\000c\000a\000l\000\040\000I\000n\000d\000e\000x}{}% 9
\BOOKMARK [1][-]{section.4.1}{\376\377\0004\000.\0001\000\040\000C\000l\000a\000s\000s\000\040\000H\000i\000e\000r\000a\000r\000c\000h\000y}{chapter.4}% 10
\BOOKMARK [0][-]{chapter.5}{\376\377\0005\000\040\000D\000a\000t\000a\000\040\000S\000t\000r\000u\000c\000t\000u\000r\000e\000\040\000I\000n\000d\000e\000x}{}% 11
\BOOKMARK [1][-]{section.5.1}{\376\377\0005\000.\0001\000\040\000D\000a\000t\000a\000\040\000S\000t\000r\000u\000c\000t\000u\000r\000e\000s}{chapter.5}% 12
\BOOKMARK [0][-]{chapter.6}{\376\377\0006\000\040\000F\000i\000l\000e\000\040\000I\000n\000d\000e\000x}{}% 13
\BOOKMARK [1][-]{section.6.1}{\376\377\0006\000.\0001\000\040\000F\000i\000l\000e\000\040\000L\000i\000s\000t}{chapter.6}% 14
\BOOKMARK [0][-]{chapter.7}{\376\377\0007\000\040\000M\000o\000d\000u\000l\000e\000\040\000D\000o\000c\000u\000m\000e\000n\000t\000a\000t\000i\000o\000n}{}% 15
\BOOKMARK [1][-]{section.7.1}{\376\377\0007\000.\0001\000\040\000a\000d\000d\000S\000e\000e\000d}{chapter.7}% 16
\BOOKMARK [1][-]{section.7.2}{\376\377\0007\000.\0002\000\040\000g\000e\000t\000R\000e\000g\000i\000o\000n}{chapter.7}% 17
\BOOKMARK [1][-]{section.7.3}{\376\377\0007\000.\0003\000\040\000g\000r\000a\000b\000V\000D}{chapter.7}% 18
\BOOKMARK [1][-]{section.7.4}{\376\377\0007\000.\0004\000\040\000n\000s\000S\000t\000a\000r}{chapter.7}% 19
\BOOKMARK [1][-]{section.7.5}{\376\377\0007\000.\0005\000\040\000p\000o\000i\000n\000t\000I\000n\000R\000e\000g\000i\000o\000n}{chapter.7}% 20
\BOOKMARK [1][-]{section.7.6}{\376\377\0007\000.\0006\000\040\000p\000u\000s\000h\000V\000D}{chapter.7}% 21
\BOOKMARK [1][-]{section.7.7}{\376\377\0007\000.\0007\000\040\000c\000i\000r\000c\000u\000m\000c\000e\000n\000t\000r\000e}{chapter.7}% 22
\BOOKMARK [2][-]{subsection.7.7.1}{\376\377\0007\000.\0007\000.\0001\000\040\000D\000e\000t\000a\000i\000l\000e\000d\000\040\000D\000e\000s\000c\000r\000i\000p\000t\000i\000o\000n}{section.7.7}% 23
\BOOKMARK [1][-]{section.7.8}{\376\377\0007\000.\0008\000\040\000i\000n\000V\000e\000c\000t\000o\000r}{chapter.7}% 24
\BOOKMARK [2][-]{subsection.7.8.1}{\376\377\0007\000.\0008\000.\0001\000\040\000D\000e\000t\000a\000i\000l\000e\000d\000\040\000D\000e\000s\000c\000r\000i\000p\000t\000i\000o\000n}{section.7.8}% 25
\BOOKMARK [1][-]{section.7.9}{\376\377\0007\000.\0009\000\040\000r\000e\000a\000d\000M\000a\000t\000r\000i\000x}{chapter.7}% 26
\BOOKMARK [1][-]{section.7.10}{\376\377\0007\000.\0001\0000\000\040\000r\000e\000a\000d\000S\000e\000e\000d\000s}{chapter.7}% 27
\BOOKMARK [1][-]{section.7.11}{\376\377\0007\000.\0001\0001\000\040\000s\000q\000D\000i\000s\000t}{chapter.7}% 28
\BOOKMARK [2][-]{subsection.7.11.1}{\376\377\0007\000.\0001\0001\000.\0001\000\040\000D\000e\000t\000a\000i\000l\000e\000d\000\040\000D\000e\000s\000c\000r\000i\000p\000t\000i\000o\000n}{section.7.11}% 29
\BOOKMARK [1][-]{section.7.12}{\376\377\0007\000.\0001\0002\000\040\000u\000p\000d\000a\000t\000e\000D\000i\000c\000t}{chapter.7}% 30
\BOOKMARK [0][-]{chapter.8}{\376\377\0008\000\040\000D\000a\000t\000a\000\040\000S\000t\000r\000u\000c\000t\000u\000r\000e\000\040\000D\000o\000c\000u\000m\000e\000n\000t\000a\000t\000i\000o\000n}{}% 31
\BOOKMARK [1][-]{section.8.1}{\376\377\0008\000.\0001\000\040\000S\000K\000I\000Z\000E\000x\000c\000e\000p\000t\000i\000o\000n\000\040\000C\000l\000a\000s\000s\000\040\000R\000e\000f\000e\000r\000e\000n\000c\000e}{chapter.8}% 32
\BOOKMARK [2][-]{subsection.8.1.1}{\376\377\0008\000.\0001\000.\0001\000\040\000D\000e\000t\000a\000i\000l\000e\000d\000\040\000D\000e\000s\000c\000r\000i\000p\000t\000i\000o\000n}{section.8.1}% 33
\BOOKMARK [1][-]{section.8.2}{\376\377\0008\000.\0002\000\040\000S\000K\000I\000Z\000I\000d\000e\000n\000t\000i\000c\000a\000l\000S\000e\000e\000d\000s\000E\000x\000c\000e\000p\000t\000i\000o\000n\000\040\000C\000l\000a\000s\000s\000\040\000R\000e\000f\000e\000r\000e\000n\000c\000e}{chapter.8}% 34
\BOOKMARK [2][-]{subsection.8.2.1}{\376\377\0008\000.\0002\000.\0001\000\040\000D\000e\000t\000a\000i\000l\000e\000d\000\040\000D\000e\000s\000c\000r\000i\000p\000t\000i\000o\000n}{section.8.2}% 35
\BOOKMARK [1][-]{section.8.3}{\376\377\0008\000.\0003\000\040\000S\000K\000I\000Z\000I\000n\000d\000e\000x\000E\000x\000c\000e\000p\000t\000i\000o\000n\000\040\000C\000l\000a\000s\000s\000\040\000R\000e\000f\000e\000r\000e\000n\000c\000e}{chapter.8}% 36
\BOOKMARK [2][-]{subsection.8.3.1}{\376\377\0008\000.\0003\000.\0001\000\040\000D\000e\000t\000a\000i\000l\000e\000d\000\040\000D\000e\000s\000c\000r\000i\000p\000t\000i\000o\000n}{section.8.3}% 37
\BOOKMARK [1][-]{section.8.4}{\376\377\0008\000.\0004\000\040\000S\000K\000I\000Z\000I\000O\000E\000x\000c\000e\000p\000t\000i\000o\000n\000\040\000C\000l\000a\000s\000s\000\040\000R\000e\000f\000e\000r\000e\000n\000c\000e}{chapter.8}% 38
\BOOKMARK [2][-]{subsection.8.4.1}{\376\377\0008\000.\0004\000.\0001\000\040\000D\000e\000t\000a\000i\000l\000e\000d\000\040\000D\000e\000s\000c\000r\000i\000p\000t\000i\000o\000n}{section.8.4}% 39
\BOOKMARK [1][-]{section.8.5}{\376\377\0008\000.\0005\000\040\000S\000K\000I\000Z\000L\000i\000n\000e\000a\000r\000S\000e\000e\000d\000s\000E\000x\000c\000e\000p\000t\000i\000o\000n\000\040\000C\000l\000a\000s\000s\000\040\000R\000e\000f\000e\000r\000e\000n\000c\000e}{chapter.8}% 40
\BOOKMARK [2][-]{subsection.8.5.1}{\376\377\0008\000.\0005\000.\0001\000\040\000D\000e\000t\000a\000i\000l\000e\000d\000\040\000D\000e\000s\000c\000r\000i\000p\000t\000i\000o\000n}{section.8.5}% 41
\BOOKMARK [1][-]{section.8.6}{\376\377\0008\000.\0006\000\040\000V\000\137\000s\000t\000r\000u\000c\000t\000\040\000S\000t\000r\000u\000c\000t\000\040\000R\000e\000f\000e\000r\000e\000n\000c\000e}{chapter.8}% 42
\BOOKMARK [2][-]{subsection.8.6.1}{\376\377\0008\000.\0006\000.\0001\000\040\000D\000e\000t\000a\000i\000l\000e\000d\000\040\000D\000e\000s\000c\000r\000i\000p\000t\000i\000o\000n}{section.8.6}% 43
\BOOKMARK [1][-]{section.8.7}{\376\377\0008\000.\0007\000\040\000v\000d\000\040\000C\000l\000a\000s\000s\000\040\000R\000e\000f\000e\000r\000e\000n\000c\000e}{chapter.8}% 44
\BOOKMARK [2][-]{subsection.8.7.1}{\376\377\0008\000.\0007\000.\0001\000\040\000D\000e\000t\000a\000i\000l\000e\000d\000\040\000D\000e\000s\000c\000r\000i\000p\000t\000i\000o\000n}{section.8.7}% 45
\BOOKMARK [2][-]{subsection.8.7.2}{\376\377\0008\000.\0007\000.\0002\000\040\000C\000o\000n\000s\000t\000r\000u\000c\000t\000o\000r\000\040\000\046\000\040\000D\000e\000s\000t\000r\000u\000c\000t\000o\000r\000\040\000D\000o\000c\000u\000m\000e\000n\000t\000a\000t\000i\000o\000n}{section.8.7}% 46
\BOOKMARK [3][-]{subsubsection.8.7.2.1}{\376\377\0008\000.\0007\000.\0002\000.\0001\000\040\000v\000d\000\050\000\051}{subsection.8.7.2}% 47
\BOOKMARK [2][-]{subsection.8.7.3}{\376\377\0008\000.\0007\000.\0003\000\040\000M\000e\000m\000b\000e\000r\000\040\000F\000u\000n\000c\000t\000i\000o\000n\000\040\000D\000o\000c\000u\000m\000e\000n\000t\000a\000t\000i\000o\000n}{section.8.7}% 48
\BOOKMARK [3][-]{subsubsection.8.7.3.1}{\376\377\0008\000.\0007\000.\0003\000.\0001\000\040\000e\000r\000a\000s\000e\000S\000k\000\050\000\051}{subsection.8.7.3}% 49
\BOOKMARK [3][-]{subsubsection.8.7.3.2}{\376\377\0008\000.\0007\000.\0003\000.\0002\000\040\000g\000e\000t\000K\000\050\000\051}{subsection.8.7.3}% 50
\BOOKMARK [3][-]{subsubsection.8.7.3.3}{\376\377\0008\000.\0007\000.\0003\000.\0003\000\040\000g\000e\000t\000L\000a\000m\000\050\000\051}{subsection.8.7.3}% 51
\BOOKMARK [3][-]{subsubsection.8.7.3.4}{\376\377\0008\000.\0007\000.\0003\000.\0004\000\040\000g\000e\000t\000L\000a\000m\000B\000y\000I\000d\000x\000\050\000\051}{subsection.8.7.3}% 52
\BOOKMARK [3][-]{subsubsection.8.7.3.5}{\376\377\0008\000.\0007\000.\0003\000.\0005\000\040\000g\000e\000t\000N\000c\000\050\000\051}{subsection.8.7.3}% 53
\BOOKMARK [3][-]{subsubsection.8.7.3.6}{\376\377\0008\000.\0007\000.\0003\000.\0006\000\040\000g\000e\000t\000N\000k\000\050\000\051}{subsection.8.7.3}% 54
\BOOKMARK [3][-]{subsubsection.8.7.3.7}{\376\377\0008\000.\0007\000.\0003\000.\0007\000\040\000g\000e\000t\000N\000k\000B\000y\000I\000d\000x\000\050\000\051}{subsection.8.7.3}% 55
\BOOKMARK [3][-]{subsubsection.8.7.3.8}{\376\377\0008\000.\0007\000.\0003\000.\0008\000\040\000g\000e\000t\000N\000r\000\050\000\051}{subsection.8.7.3}% 56
\BOOKMARK [3][-]{subsubsection.8.7.3.9}{\376\377\0008\000.\0007\000.\0003\000.\0009\000\040\000g\000e\000t\000P\000x\000\050\000\051}{subsection.8.7.3}% 57
\BOOKMARK [3][-]{subsubsection.8.7.3.10}{\376\377\0008\000.\0007\000.\0003\000.\0001\0000\000\040\000g\000e\000t\000P\000x\000B\000y\000I\000d\000x\000\050\000\051}{subsection.8.7.3}% 58
\BOOKMARK [3][-]{subsubsection.8.7.3.11}{\376\377\0008\000.\0007\000.\0003\000.\0001\0001\000\040\000g\000e\000t\000P\000y\000\050\000\051}{subsection.8.7.3}% 59
\BOOKMARK [3][-]{subsubsection.8.7.3.12}{\376\377\0008\000.\0007\000.\0003\000.\0001\0002\000\040\000g\000e\000t\000P\000y\000B\000y\000I\000d\000x\000\050\000\051}{subsection.8.7.3}% 60
\BOOKMARK [3][-]{subsubsection.8.7.3.13}{\376\377\0008\000.\0007\000.\0003\000.\0001\0003\000\040\000g\000e\000t\000S\000\050\000\051}{subsection.8.7.3}% 61
\BOOKMARK [3][-]{subsubsection.8.7.3.14}{\376\377\0008\000.\0007\000.\0003\000.\0001\0004\000\040\000g\000e\000t\000S\000e\000e\000d\000s\000\050\000\051}{subsection.8.7.3}% 62
\BOOKMARK [3][-]{subsubsection.8.7.3.15}{\376\377\0008\000.\0007\000.\0003\000.\0001\0005\000\040\000g\000e\000t\000S\000k\000\050\000\051}{subsection.8.7.3}% 63
\BOOKMARK [3][-]{subsubsection.8.7.3.16}{\376\377\0008\000.\0007\000.\0003\000.\0001\0006\000\040\000g\000e\000t\000S\000k\000B\000y\000I\000d\000x\000\050\000\051}{subsection.8.7.3}% 64
\BOOKMARK [3][-]{subsubsection.8.7.3.17}{\376\377\0008\000.\0007\000.\0003\000.\0001\0007\000\040\000g\000e\000t\000S\000x\000\050\000\051}{subsection.8.7.3}% 65
\BOOKMARK [3][-]{subsubsection.8.7.3.18}{\376\377\0008\000.\0007\000.\0003\000.\0001\0008\000\040\000g\000e\000t\000S\000x\000B\000y\000I\000d\000x\000\050\000\051}{subsection.8.7.3}% 66
\BOOKMARK [3][-]{subsubsection.8.7.3.19}{\376\377\0008\000.\0007\000.\0003\000.\0001\0009\000\040\000g\000e\000t\000S\000y\000\050\000\051}{subsection.8.7.3}% 67
\BOOKMARK [3][-]{subsubsection.8.7.3.20}{\376\377\0008\000.\0007\000.\0003\000.\0002\0000\000\040\000g\000e\000t\000S\000y\000B\000y\000I\000d\000x\000\050\000\051}{subsection.8.7.3}% 68
\BOOKMARK [3][-]{subsubsection.8.7.3.21}{\376\377\0008\000.\0007\000.\0003\000.\0002\0001\000\040\000g\000e\000t\000V\000\050\000\051}{subsection.8.7.3}% 69
\BOOKMARK [3][-]{subsubsection.8.7.3.22}{\376\377\0008\000.\0007\000.\0003\000.\0002\0002\000\040\000g\000e\000t\000V\000B\000y\000I\000d\000x\000\050\000\051}{subsection.8.7.3}% 70
\BOOKMARK [3][-]{subsubsection.8.7.3.23}{\376\377\0008\000.\0007\000.\0003\000.\0002\0003\000\040\000g\000e\000t\000V\000k\000\050\000\051}{subsection.8.7.3}% 71
\BOOKMARK [3][-]{subsubsection.8.7.3.24}{\376\377\0008\000.\0007\000.\0003\000.\0002\0004\000\040\000g\000e\000t\000W\000\050\000\051}{subsection.8.7.3}% 72
\BOOKMARK [3][-]{subsubsection.8.7.3.25}{\376\377\0008\000.\0007\000.\0003\000.\0002\0005\000\040\000i\000n\000c\000r\000e\000m\000e\000n\000t\000K\000\050\000\051}{subsection.8.7.3}% 73
\BOOKMARK [3][-]{subsubsection.8.7.3.26}{\376\377\0008\000.\0007\000.\0003\000.\0002\0006\000\040\000s\000e\000t\000K\000\050\000\051}{subsection.8.7.3}% 74
\BOOKMARK [3][-]{subsubsection.8.7.3.27}{\376\377\0008\000.\0007\000.\0003\000.\0002\0007\000\040\000s\000e\000t\000L\000a\000m\000\050\000\051}{subsection.8.7.3}% 75
\BOOKMARK [3][-]{subsubsection.8.7.3.28}{\376\377\0008\000.\0007\000.\0003\000.\0002\0008\000\040\000s\000e\000t\000L\000a\000m\000B\000y\000I\000d\000x\000\050\000\051}{subsection.8.7.3}% 76
\BOOKMARK [3][-]{subsubsection.8.7.3.29}{\376\377\0008\000.\0007\000.\0003\000.\0002\0009\000\040\000s\000e\000t\000N\000k\000\050\000\051}{subsection.8.7.3}% 77
\BOOKMARK [3][-]{subsubsection.8.7.3.30}{\376\377\0008\000.\0007\000.\0003\000.\0003\0000\000\040\000s\000e\000t\000N\000k\000B\000y\000I\000d\000x\000\050\000\051}{subsection.8.7.3}% 78
\BOOKMARK [3][-]{subsubsection.8.7.3.31}{\376\377\0008\000.\0007\000.\0003\000.\0003\0001\000\040\000s\000e\000t\000P\000x\000\050\000\051}{subsection.8.7.3}% 79
\BOOKMARK [3][-]{subsubsection.8.7.3.32}{\376\377\0008\000.\0007\000.\0003\000.\0003\0002\000\040\000s\000e\000t\000P\000y\000\050\000\051}{subsection.8.7.3}% 80
\BOOKMARK [3][-]{subsubsection.8.7.3.33}{\376\377\0008\000.\0007\000.\0003\000.\0003\0003\000\040\000s\000e\000t\000S\000\050\000\051}{subsection.8.7.3}% 81
\BOOKMARK [3][-]{subsubsection.8.7.3.34}{\376\377\0008\000.\0007\000.\0003\000.\0003\0004\000\040\000s\000e\000t\000S\000e\000e\000d\000s\000\050\000\051}{subsection.8.7.3}% 82
\BOOKMARK [3][-]{subsubsection.8.7.3.35}{\376\377\0008\000.\0007\000.\0003\000.\0003\0005\000\040\000s\000e\000t\000S\000k\000\050\000\051}{subsection.8.7.3}% 83
\BOOKMARK [3][-]{subsubsection.8.7.3.36}{\376\377\0008\000.\0007\000.\0003\000.\0003\0006\000\040\000s\000e\000t\000S\000k\000B\000y\000I\000d\000x\000\050\000\051}{subsection.8.7.3}% 84
\BOOKMARK [3][-]{subsubsection.8.7.3.37}{\376\377\0008\000.\0007\000.\0003\000.\0003\0007\000\040\000s\000e\000t\000S\000x\000\050\000\051}{subsection.8.7.3}% 85
\BOOKMARK [3][-]{subsubsection.8.7.3.38}{\376\377\0008\000.\0007\000.\0003\000.\0003\0008\000\040\000s\000e\000t\000S\000x\000B\000y\000I\000d\000x\000\050\000\051}{subsection.8.7.3}% 86
\BOOKMARK [3][-]{subsubsection.8.7.3.39}{\376\377\0008\000.\0007\000.\0003\000.\0003\0009\000\040\000s\000e\000t\000S\000y\000\050\000\051}{subsection.8.7.3}% 87
\BOOKMARK [3][-]{subsubsection.8.7.3.40}{\376\377\0008\000.\0007\000.\0003\000.\0004\0000\000\040\000s\000e\000t\000S\000y\000B\000y\000I\000d\000x\000\050\000\051}{subsection.8.7.3}% 88
\BOOKMARK [3][-]{subsubsection.8.7.3.41}{\376\377\0008\000.\0007\000.\0003\000.\0004\0001\000\040\000s\000e\000t\000V\000\050\000\051}{subsection.8.7.3}% 89
\BOOKMARK [3][-]{subsubsection.8.7.3.42}{\376\377\0008\000.\0007\000.\0003\000.\0004\0002\000\040\000s\000e\000t\000V\000B\000y\000I\000d\000x\000\050\000\051}{subsection.8.7.3}% 90
\BOOKMARK [3][-]{subsubsection.8.7.3.43}{\376\377\0008\000.\0007\000.\0003\000.\0004\0003\000\040\000s\000e\000t\000V\000k\000\050\000\051}{subsection.8.7.3}% 91
\BOOKMARK [3][-]{subsubsection.8.7.3.44}{\376\377\0008\000.\0007\000.\0003\000.\0004\0004\000\040\000s\000e\000t\000W\000\050\000\051}{subsection.8.7.3}% 92
\BOOKMARK [1][-]{section.8.8}{\376\377\0008\000.\0008\000\040\000W\000\137\000s\000t\000r\000u\000c\000t\000\040\000S\000t\000r\000u\000c\000t\000\040\000R\000e\000f\000e\000r\000e\000n\000c\000e}{chapter.8}% 93
\BOOKMARK [2][-]{subsection.8.8.1}{\376\377\0008\000.\0008\000.\0001\000\040\000D\000e\000t\000a\000i\000l\000e\000d\000\040\000D\000e\000s\000c\000r\000i\000p\000t\000i\000o\000n}{section.8.8}% 94
\BOOKMARK [0][-]{chapter.9}{\376\377\0009\000\040\000F\000i\000l\000e\000\040\000D\000o\000c\000u\000m\000e\000n\000t\000a\000t\000i\000o\000n}{}% 95
\BOOKMARK [1][-]{section.9.1}{\376\377\0009\000.\0001\000\040\000a\000d\000d\000S\000e\000e\000d\000.\000c\000p\000p\000\040\000F\000i\000l\000e\000\040\000R\000e\000f\000e\000r\000e\000n\000c\000e}{chapter.9}% 96
\BOOKMARK [2][-]{subsection.9.1.1}{\376\377\0009\000.\0001\000.\0001\000\040\000D\000e\000t\000a\000i\000l\000e\000d\000\040\000D\000e\000s\000c\000r\000i\000p\000t\000i\000o\000n}{section.9.1}% 97
\BOOKMARK [1][-]{section.9.2}{\376\377\0009\000.\0002\000\040\000a\000d\000d\000S\000e\000e\000d\000.\000h\000\040\000F\000i\000l\000e\000\040\000R\000e\000f\000e\000r\000e\000n\000c\000e}{chapter.9}% 98
\BOOKMARK [2][-]{subsection.9.2.1}{\376\377\0009\000.\0002\000.\0001\000\040\000D\000e\000t\000a\000i\000l\000e\000d\000\040\000D\000e\000s\000c\000r\000i\000p\000t\000i\000o\000n}{section.9.2}% 99
\BOOKMARK [1][-]{section.9.3}{\376\377\0009\000.\0003\000\040\000a\000u\000x\000-\000f\000u\000n\000c\000t\000i\000o\000n\000s\000/\000c\000i\000r\000c\000u\000m\000c\000e\000n\000t\000r\000e\000.\000h\000\040\000F\000i\000l\000e\000\040\000R\000e\000f\000e\000r\000e\000n\000c\000e}{chapter.9}% 100
\BOOKMARK [2][-]{subsection.9.3.1}{\376\377\0009\000.\0003\000.\0001\000\040\000D\000e\000t\000a\000i\000l\000e\000d\000\040\000D\000e\000s\000c\000r\000i\000p\000t\000i\000o\000n}{section.9.3}% 101
\BOOKMARK [1][-]{section.9.4}{\376\377\0009\000.\0004\000\040\000a\000u\000x\000-\000f\000u\000n\000c\000t\000i\000o\000n\000s\000/\000i\000n\000V\000e\000c\000t\000o\000r\000.\000h\000\040\000F\000i\000l\000e\000\040\000R\000e\000f\000e\000r\000e\000n\000c\000e}{chapter.9}% 102
\BOOKMARK [2][-]{subsection.9.4.1}{\376\377\0009\000.\0004\000.\0001\000\040\000D\000e\000t\000a\000i\000l\000e\000d\000\040\000D\000e\000s\000c\000r\000i\000p\000t\000i\000o\000n}{section.9.4}% 103
\BOOKMARK [1][-]{section.9.5}{\376\377\0009\000.\0005\000\040\000a\000u\000x\000-\000f\000u\000n\000c\000t\000i\000o\000n\000s\000/\000r\000e\000a\000d\000M\000a\000t\000r\000i\000x\000.\000c\000p\000p\000\040\000F\000i\000l\000e\000\040\000R\000e\000f\000e\000r\000e\000n\000c\000e}{chapter.9}% 104
\BOOKMARK [2][-]{subsection.9.5.1}{\376\377\0009\000.\0005\000.\0001\000\040\000D\000e\000t\000a\000i\000l\000e\000d\000\040\000D\000e\000s\000c\000r\000i\000p\000t\000i\000o\000n}{section.9.5}% 105
\BOOKMARK [1][-]{section.9.6}{\376\377\0009\000.\0006\000\040\000a\000u\000x\000-\000f\000u\000n\000c\000t\000i\000o\000n\000s\000/\000r\000e\000a\000d\000S\000e\000e\000d\000s\000.\000c\000p\000p\000\040\000F\000i\000l\000e\000\040\000R\000e\000f\000e\000r\000e\000n\000c\000e}{chapter.9}% 106
\BOOKMARK [2][-]{subsection.9.6.1}{\376\377\0009\000.\0006\000.\0001\000\040\000D\000e\000t\000a\000i\000l\000e\000d\000\040\000D\000e\000s\000c\000r\000i\000p\000t\000i\000o\000n}{section.9.6}% 107
\BOOKMARK [1][-]{section.9.7}{\376\377\0009\000.\0007\000\040\000a\000u\000x\000-\000f\000u\000n\000c\000t\000i\000o\000n\000s\000/\000s\000q\000D\000i\000s\000t\000.\000h\000\040\000F\000i\000l\000e\000\040\000R\000e\000f\000e\000r\000e\000n\000c\000e}{chapter.9}% 108
\BOOKMARK [2][-]{subsection.9.7.1}{\376\377\0009\000.\0007\000.\0001\000\040\000D\000e\000t\000a\000i\000l\000e\000d\000\040\000D\000e\000s\000c\000r\000i\000p\000t\000i\000o\000n}{section.9.7}% 109
\BOOKMARK [1][-]{section.9.8}{\376\377\0009\000.\0008\000\040\000a\000u\000x\000-\000f\000u\000n\000c\000t\000i\000o\000n\000s\000/\000u\000p\000d\000a\000t\000e\000D\000i\000c\000t\000.\000h\000\040\000F\000i\000l\000e\000\040\000R\000e\000f\000e\000r\000e\000n\000c\000e}{chapter.9}% 110
\BOOKMARK [2][-]{subsection.9.8.1}{\376\377\0009\000.\0008\000.\0001\000\040\000D\000e\000t\000a\000i\000l\000e\000d\000\040\000D\000e\000s\000c\000r\000i\000p\000t\000i\000o\000n}{section.9.8}% 111
\BOOKMARK [2][-]{subsection.9.8.2}{\376\377\0009\000.\0008\000.\0002\000\040\000F\000u\000n\000c\000t\000i\000o\000n\000\040\000D\000o\000c\000u\000m\000e\000n\000t\000a\000t\000i\000o\000n}{section.9.8}% 112
\BOOKMARK [3][-]{subsubsection.9.8.2.1}{\376\377\0009\000.\0008\000.\0002\000.\0001\000\040\000u\000p\000d\000a\000t\000e\000D\000i\000c\000t\000\050\000\051}{subsection.9.8.2}% 113
\BOOKMARK [1][-]{section.9.9}{\376\377\0009\000.\0009\000\040\000g\000e\000t\000R\000e\000g\000i\000o\000n\000.\000c\000p\000p\000\040\000F\000i\000l\000e\000\040\000R\000e\000f\000e\000r\000e\000n\000c\000e}{chapter.9}% 114
\BOOKMARK [2][-]{subsection.9.9.1}{\376\377\0009\000.\0009\000.\0001\000\040\000D\000e\000t\000a\000i\000l\000e\000d\000\040\000D\000e\000s\000c\000r\000i\000p\000t\000i\000o\000n}{section.9.9}% 115
\BOOKMARK [1][-]{section.9.10}{\376\377\0009\000.\0001\0000\000\040\000g\000e\000t\000R\000e\000g\000i\000o\000n\000.\000h\000\040\000F\000i\000l\000e\000\040\000R\000e\000f\000e\000r\000e\000n\000c\000e}{chapter.9}% 116
\BOOKMARK [2][-]{subsection.9.10.1}{\376\377\0009\000.\0001\0000\000.\0001\000\040\000D\000e\000t\000a\000i\000l\000e\000d\000\040\000D\000e\000s\000c\000r\000i\000p\000t\000i\000o\000n}{section.9.10}% 117
\BOOKMARK [1][-]{section.9.11}{\376\377\0009\000.\0001\0001\000\040\000g\000r\000a\000b\000V\000D\000.\000c\000p\000p\000\040\000F\000i\000l\000e\000\040\000R\000e\000f\000e\000r\000e\000n\000c\000e}{chapter.9}% 118
\BOOKMARK [2][-]{subsection.9.11.1}{\376\377\0009\000.\0001\0001\000.\0001\000\040\000D\000e\000t\000a\000i\000l\000e\000d\000\040\000D\000e\000s\000c\000r\000i\000p\000t\000i\000o\000n}{section.9.11}% 119
\BOOKMARK [1][-]{section.9.12}{\376\377\0009\000.\0001\0002\000\040\000g\000r\000a\000b\000V\000D\000.\000h\000\040\000F\000i\000l\000e\000\040\000R\000e\000f\000e\000r\000e\000n\000c\000e}{chapter.9}% 120
\BOOKMARK [2][-]{subsection.9.12.1}{\376\377\0009\000.\0001\0002\000.\0001\000\040\000D\000e\000t\000a\000i\000l\000e\000d\000\040\000D\000e\000s\000c\000r\000i\000p\000t\000i\000o\000n}{section.9.12}% 121
\BOOKMARK [1][-]{section.9.13}{\376\377\0009\000.\0001\0003\000\040\000N\000S\000S\000t\000a\000r\000.\000c\000p\000p\000\040\000F\000i\000l\000e\000\040\000R\000e\000f\000e\000r\000e\000n\000c\000e}{chapter.9}% 122
\BOOKMARK [2][-]{subsection.9.13.1}{\376\377\0009\000.\0001\0003\000.\0001\000\040\000D\000e\000t\000a\000i\000l\000e\000d\000\040\000D\000e\000s\000c\000r\000i\000p\000t\000i\000o\000n}{section.9.13}% 123
\BOOKMARK [1][-]{section.9.14}{\376\377\0009\000.\0001\0004\000\040\000N\000S\000S\000t\000a\000r\000.\000h\000\040\000F\000i\000l\000e\000\040\000R\000e\000f\000e\000r\000e\000n\000c\000e}{chapter.9}% 124
\BOOKMARK [2][-]{subsection.9.14.1}{\376\377\0009\000.\0001\0004\000.\0001\000\040\000D\000e\000t\000a\000i\000l\000e\000d\000\040\000D\000e\000s\000c\000r\000i\000p\000t\000i\000o\000n}{section.9.14}% 125
\BOOKMARK [1][-]{section.9.15}{\376\377\0009\000.\0001\0005\000\040\000p\000o\000i\000n\000t\000I\000n\000R\000e\000g\000i\000o\000n\000.\000c\000p\000p\000\040\000F\000i\000l\000e\000\040\000R\000e\000f\000e\000r\000e\000n\000c\000e}{chapter.9}% 126
\BOOKMARK [2][-]{subsection.9.15.1}{\376\377\0009\000.\0001\0005\000.\0001\000\040\000D\000e\000t\000a\000i\000l\000e\000d\000\040\000D\000e\000s\000c\000r\000i\000p\000t\000i\000o\000n}{section.9.15}% 127
\BOOKMARK [1][-]{section.9.16}{\376\377\0009\000.\0001\0006\000\040\000p\000o\000i\000n\000t\000I\000n\000R\000e\000g\000i\000o\000n\000.\000h\000\040\000F\000i\000l\000e\000\040\000R\000e\000f\000e\000r\000e\000n\000c\000e}{chapter.9}% 128
\BOOKMARK [2][-]{subsection.9.16.1}{\376\377\0009\000.\0001\0006\000.\0001\000\040\000D\000e\000t\000a\000i\000l\000e\000d\000\040\000D\000e\000s\000c\000r\000i\000p\000t\000i\000o\000n}{section.9.16}% 129
\BOOKMARK [1][-]{section.9.17}{\376\377\0009\000.\0001\0007\000\040\000p\000u\000s\000h\000V\000D\000.\000c\000p\000p\000\040\000F\000i\000l\000e\000\040\000R\000e\000f\000e\000r\000e\000n\000c\000e}{chapter.9}% 130
\BOOKMARK [2][-]{subsection.9.17.1}{\376\377\0009\000.\0001\0007\000.\0001\000\040\000D\000e\000t\000a\000i\000l\000e\000d\000\040\000D\000e\000s\000c\000r\000i\000p\000t\000i\000o\000n}{section.9.17}% 131
\BOOKMARK [1][-]{section.9.18}{\376\377\0009\000.\0001\0008\000\040\000p\000u\000s\000h\000V\000D\000.\000h\000\040\000F\000i\000l\000e\000\040\000R\000e\000f\000e\000r\000e\000n\000c\000e}{chapter.9}% 132
\BOOKMARK [2][-]{subsection.9.18.1}{\376\377\0009\000.\0001\0008\000.\0001\000\040\000D\000e\000t\000a\000i\000l\000e\000d\000\040\000D\000e\000s\000c\000r\000i\000p\000t\000i\000o\000n}{section.9.18}% 133
\BOOKMARK [1][-]{section.9.19}{\376\377\0009\000.\0001\0009\000\040\000r\000e\000m\000o\000v\000e\000S\000e\000e\000d\000.\000c\000p\000p\000\040\000F\000i\000l\000e\000\040\000R\000e\000f\000e\000r\000e\000n\000c\000e}{chapter.9}% 134
\BOOKMARK [2][-]{subsection.9.19.1}{\376\377\0009\000.\0001\0009\000.\0001\000\040\000D\000e\000t\000a\000i\000l\000e\000d\000\040\000D\000e\000s\000c\000r\000i\000p\000t\000i\000o\000n}{section.9.19}% 135
\BOOKMARK [2][-]{subsection.9.19.2}{\376\377\0009\000.\0001\0009\000.\0002\000\040\000F\000u\000n\000c\000t\000i\000o\000n\000\040\000D\000o\000c\000u\000m\000e\000n\000t\000a\000t\000i\000o\000n}{section.9.19}% 136
\BOOKMARK [3][-]{subsubsection.9.19.2.1}{\376\377\0009\000.\0001\0009\000.\0002\000.\0001\000\040\000r\000e\000m\000o\000v\000e\000S\000e\000e\000d\000\050\000\051}{subsection.9.19.2}% 137
\BOOKMARK [1][-]{section.9.20}{\376\377\0009\000.\0002\0000\000\040\000r\000e\000m\000o\000v\000e\000S\000e\000e\000d\000.\000h\000\040\000F\000i\000l\000e\000\040\000R\000e\000f\000e\000r\000e\000n\000c\000e}{chapter.9}% 138
\BOOKMARK [2][-]{subsection.9.20.1}{\376\377\0009\000.\0002\0000\000.\0001\000\040\000D\000e\000t\000a\000i\000l\000e\000d\000\040\000D\000e\000s\000c\000r\000i\000p\000t\000i\000o\000n}{section.9.20}% 139
\BOOKMARK [2][-]{subsection.9.20.2}{\376\377\0009\000.\0002\0000\000.\0002\000\040\000F\000u\000n\000c\000t\000i\000o\000n\000\040\000D\000o\000c\000u\000m\000e\000n\000t\000a\000t\000i\000o\000n}{section.9.20}% 140
\BOOKMARK [3][-]{subsubsection.9.20.2.1}{\376\377\0009\000.\0002\0000\000.\0002\000.\0001\000\040\000r\000e\000m\000o\000v\000e\000S\000e\000e\000d\000\050\000\051}{subsection.9.20.2}% 141
\BOOKMARK [1][-]{section.9.21}{\376\377\0009\000.\0002\0001\000\040\000s\000k\000i\000z\000E\000x\000c\000e\000p\000t\000i\000o\000n\000.\000c\000p\000p\000\040\000F\000i\000l\000e\000\040\000R\000e\000f\000e\000r\000e\000n\000c\000e}{chapter.9}% 142
\BOOKMARK [2][-]{subsection.9.21.1}{\376\377\0009\000.\0002\0001\000.\0001\000\040\000D\000e\000t\000a\000i\000l\000e\000d\000\040\000D\000e\000s\000c\000r\000i\000p\000t\000i\000o\000n}{section.9.21}% 143
\BOOKMARK [1][-]{section.9.22}{\376\377\0009\000.\0002\0002\000\040\000s\000k\000i\000z\000E\000x\000c\000e\000p\000t\000i\000o\000n\000.\000h\000\040\000F\000i\000l\000e\000\040\000R\000e\000f\000e\000r\000e\000n\000c\000e}{chapter.9}% 144
\BOOKMARK [2][-]{subsection.9.22.1}{\376\377\0009\000.\0002\0002\000.\0001\000\040\000D\000e\000t\000a\000i\000l\000e\000d\000\040\000D\000e\000s\000c\000r\000i\000p\000t\000i\000o\000n}{section.9.22}% 145
\BOOKMARK [1][-]{section.9.23}{\376\377\0009\000.\0002\0003\000\040\000t\000e\000s\000t\000/\000t\000e\000s\000t\000A\000d\000d\000S\000e\000e\000d\000C\000h\000e\000c\000k\000L\000a\000m\000b\000d\000a\000.\000c\000p\000p\000\040\000F\000i\000l\000e\000\040\000R\000e\000f\000e\000r\000e\000n\000c\000e}{chapter.9}% 146
\BOOKMARK [2][-]{subsection.9.23.1}{\376\377\0009\000.\0002\0003\000.\0001\000\040\000D\000e\000t\000a\000i\000l\000e\000d\000\040\000D\000e\000s\000c\000r\000i\000p\000t\000i\000o\000n}{section.9.23}% 147
\BOOKMARK [2][-]{subsection.9.23.2}{\376\377\0009\000.\0002\0003\000.\0002\000\040\000F\000u\000n\000c\000t\000i\000o\000n\000\040\000D\000o\000c\000u\000m\000e\000n\000t\000a\000t\000i\000o\000n}{section.9.23}% 148
\BOOKMARK [3][-]{subsubsection.9.23.2.1}{\376\377\0009\000.\0002\0003\000.\0002\000.\0001\000\040\000T\000E\000S\000T\000\137\000C\000A\000S\000E\000\050\000\051}{subsection.9.23.2}% 149
\BOOKMARK [1][-]{section.9.24}{\376\377\0009\000.\0002\0004\000\040\000t\000e\000s\000t\000/\000t\000e\000s\000t\000A\000d\000d\000S\000e\000e\000d\000C\000h\000e\000c\000k\000V\000.\000c\000p\000p\000\040\000F\000i\000l\000e\000\040\000R\000e\000f\000e\000r\000e\000n\000c\000e}{chapter.9}% 150
\BOOKMARK [2][-]{subsection.9.24.1}{\376\377\0009\000.\0002\0004\000.\0001\000\040\000D\000e\000t\000a\000i\000l\000e\000d\000\040\000D\000e\000s\000c\000r\000i\000p\000t\000i\000o\000n}{section.9.24}% 151
\BOOKMARK [2][-]{subsection.9.24.2}{\376\377\0009\000.\0002\0004\000.\0002\000\040\000F\000u\000n\000c\000t\000i\000o\000n\000\040\000D\000o\000c\000u\000m\000e\000n\000t\000a\000t\000i\000o\000n}{section.9.24}% 152
\BOOKMARK [3][-]{subsubsection.9.24.2.1}{\376\377\0009\000.\0002\0004\000.\0002\000.\0001\000\040\000T\000E\000S\000T\000\137\000C\000A\000S\000E\000\050\000\051}{subsection.9.24.2}% 153
\BOOKMARK [1][-]{section.9.25}{\376\377\0009\000.\0002\0005\000\040\000t\000e\000s\000t\000/\000t\000e\000s\000t\000I\000n\000V\000e\000c\000t\000o\000r\000.\000c\000p\000p\000\040\000F\000i\000l\000e\000\040\000R\000e\000f\000e\000r\000e\000n\000c\000e}{chapter.9}% 154
\BOOKMARK [2][-]{subsection.9.25.1}{\376\377\0009\000.\0002\0005\000.\0001\000\040\000D\000e\000t\000a\000i\000l\000e\000d\000\040\000D\000e\000s\000c\000r\000i\000p\000t\000i\000o\000n}{section.9.25}% 155
\BOOKMARK [2][-]{subsection.9.25.2}{\376\377\0009\000.\0002\0005\000.\0002\000\040\000F\000u\000n\000c\000t\000i\000o\000n\000\040\000D\000o\000c\000u\000m\000e\000n\000t\000a\000t\000i\000o\000n}{section.9.25}% 156
\BOOKMARK [3][-]{subsubsection.9.25.2.1}{\376\377\0009\000.\0002\0005\000.\0002\000.\0001\000\040\000T\000E\000S\000T\000\137\000C\000A\000S\000E\000\050\000\051\000\040\000[\0001\000/\0005\000]}{subsection.9.25.2}% 157
\BOOKMARK [3][-]{subsubsection.9.25.2.2}{\376\377\0009\000.\0002\0005\000.\0002\000.\0002\000\040\000T\000E\000S\000T\000\137\000C\000A\000S\000E\000\050\000\051\000\040\000[\0002\000/\0005\000]}{subsection.9.25.2}% 158
\BOOKMARK [3][-]{subsubsection.9.25.2.3}{\376\377\0009\000.\0002\0005\000.\0002\000.\0003\000\040\000T\000E\000S\000T\000\137\000C\000A\000S\000E\000\050\000\051\000\040\000[\0003\000/\0005\000]}{subsection.9.25.2}% 159
\BOOKMARK [3][-]{subsubsection.9.25.2.4}{\376\377\0009\000.\0002\0005\000.\0002\000.\0004\000\040\000T\000E\000S\000T\000\137\000C\000A\000S\000E\000\050\000\051\000\040\000[\0004\000/\0005\000]}{subsection.9.25.2}% 160
\BOOKMARK [3][-]{subsubsection.9.25.2.5}{\376\377\0009\000.\0002\0005\000.\0002\000.\0005\000\040\000T\000E\000S\000T\000\137\000C\000A\000S\000E\000\050\000\051\000\040\000[\0005\000/\0005\000]}{subsection.9.25.2}% 161
\BOOKMARK [1][-]{section.9.26}{\376\377\0009\000.\0002\0006\000\040\000t\000e\000s\000t\000/\000t\000e\000s\000t\000P\000o\000i\000n\000t\000I\000n\000R\000e\000g\000i\000o\000n\000.\000c\000p\000p\000\040\000F\000i\000l\000e\000\040\000R\000e\000f\000e\000r\000e\000n\000c\000e}{chapter.9}% 162
\BOOKMARK [2][-]{subsection.9.26.1}{\376\377\0009\000.\0002\0006\000.\0001\000\040\000D\000e\000t\000a\000i\000l\000e\000d\000\040\000D\000e\000s\000c\000r\000i\000p\000t\000i\000o\000n}{section.9.26}% 163
\BOOKMARK [2][-]{subsection.9.26.2}{\376\377\0009\000.\0002\0006\000.\0002\000\040\000F\000u\000n\000c\000t\000i\000o\000n\000\040\000D\000o\000c\000u\000m\000e\000n\000t\000a\000t\000i\000o\000n}{section.9.26}% 164
\BOOKMARK [3][-]{subsubsection.9.26.2.1}{\376\377\0009\000.\0002\0006\000.\0002\000.\0001\000\040\000T\000E\000S\000T\000\137\000C\000A\000S\000E\000\050\000\051\000\040\000[\0001\000/\0002\000]}{subsection.9.26.2}% 165
\BOOKMARK [3][-]{subsubsection.9.26.2.2}{\376\377\0009\000.\0002\0006\000.\0002\000.\0002\000\040\000T\000E\000S\000T\000\137\000C\000A\000S\000E\000\050\000\051\000\040\000[\0002\000/\0002\000]}{subsection.9.26.2}% 166
\BOOKMARK [1][-]{section.9.27}{\376\377\0009\000.\0002\0007\000\040\000t\000e\000s\000t\000/\000t\000e\000s\000t\000R\000e\000m\000o\000v\000e\000S\000e\000e\000d\000C\000h\000e\000c\000k\000L\000a\000m\000b\000d\000a\000.\000c\000p\000p\000\040\000F\000i\000l\000e\000\040\000R\000e\000f\000e\000r\000e\000n\000c\000e}{chapter.9}% 167
\BOOKMARK [2][-]{subsection.9.27.1}{\376\377\0009\000.\0002\0007\000.\0001\000\040\000D\000e\000t\000a\000i\000l\000e\000d\000\040\000D\000e\000s\000c\000r\000i\000p\000t\000i\000o\000n}{section.9.27}% 168
\BOOKMARK [2][-]{subsection.9.27.2}{\376\377\0009\000.\0002\0007\000.\0002\000\040\000F\000u\000n\000c\000t\000i\000o\000n\000\040\000D\000o\000c\000u\000m\000e\000n\000t\000a\000t\000i\000o\000n}{section.9.27}% 169
\BOOKMARK [3][-]{subsubsection.9.27.2.1}{\376\377\0009\000.\0002\0007\000.\0002\000.\0001\000\040\000T\000E\000S\000T\000\137\000C\000A\000S\000E\000\050\000\051}{subsection.9.27.2}% 170
\BOOKMARK [1][-]{section.9.28}{\376\377\0009\000.\0002\0008\000\040\000t\000e\000s\000t\000/\000t\000e\000s\000t\000R\000e\000m\000o\000v\000e\000S\000e\000e\000d\000C\000h\000e\000c\000k\000V\000.\000c\000p\000p\000\040\000F\000i\000l\000e\000\040\000R\000e\000f\000e\000r\000e\000n\000c\000e}{chapter.9}% 171
\BOOKMARK [2][-]{subsection.9.28.1}{\376\377\0009\000.\0002\0008\000.\0001\000\040\000D\000e\000t\000a\000i\000l\000e\000d\000\040\000D\000e\000s\000c\000r\000i\000p\000t\000i\000o\000n}{section.9.28}% 172
\BOOKMARK [2][-]{subsection.9.28.2}{\376\377\0009\000.\0002\0008\000.\0002\000\040\000F\000u\000n\000c\000t\000i\000o\000n\000\040\000D\000o\000c\000u\000m\000e\000n\000t\000a\000t\000i\000o\000n}{section.9.28}% 173
\BOOKMARK [3][-]{subsubsection.9.28.2.1}{\376\377\0009\000.\0002\0008\000.\0002\000.\0001\000\040\000T\000E\000S\000T\000\137\000C\000A\000S\000E\000\050\000\051}{subsection.9.28.2}% 174
\BOOKMARK [1][-]{section.9.29}{\376\377\0009\000.\0002\0009\000\040\000t\000e\000s\000t\000/\000t\000e\000s\000t\000S\000q\000D\000i\000s\000t\000.\000c\000p\000p\000\040\000F\000i\000l\000e\000\040\000R\000e\000f\000e\000r\000e\000n\000c\000e}{chapter.9}% 175
\BOOKMARK [2][-]{subsection.9.29.1}{\376\377\0009\000.\0002\0009\000.\0001\000\040\000D\000e\000t\000a\000i\000l\000e\000d\000\040\000D\000e\000s\000c\000r\000i\000p\000t\000i\000o\000n}{section.9.29}% 176
\BOOKMARK [2][-]{subsection.9.29.2}{\376\377\0009\000.\0002\0009\000.\0002\000\040\000F\000u\000n\000c\000t\000i\000o\000n\000\040\000D\000o\000c\000u\000m\000e\000n\000t\000a\000t\000i\000o\000n}{section.9.29}% 177
\BOOKMARK [3][-]{subsubsection.9.29.2.1}{\376\377\0009\000.\0002\0009\000.\0002\000.\0001\000\040\000T\000E\000S\000T\000\137\000C\000A\000S\000E\000\050\000\051\000\040\000[\0001\000/\0006\000]}{subsection.9.29.2}% 178
\BOOKMARK [3][-]{subsubsection.9.29.2.2}{\376\377\0009\000.\0002\0009\000.\0002\000.\0002\000\040\000T\000E\000S\000T\000\137\000C\000A\000S\000E\000\050\000\051\000\040\000[\0002\000/\0006\000]}{subsection.9.29.2}% 179
\BOOKMARK [3][-]{subsubsection.9.29.2.3}{\376\377\0009\000.\0002\0009\000.\0002\000.\0003\000\040\000T\000E\000S\000T\000\137\000C\000A\000S\000E\000\050\000\051\000\040\000[\0003\000/\0006\000]}{subsection.9.29.2}% 180
\BOOKMARK [3][-]{subsubsection.9.29.2.4}{\376\377\0009\000.\0002\0009\000.\0002\000.\0004\000\040\000T\000E\000S\000T\000\137\000C\000A\000S\000E\000\050\000\051\000\040\000[\0004\000/\0006\000]}{subsection.9.29.2}% 181
\BOOKMARK [3][-]{subsubsection.9.29.2.5}{\376\377\0009\000.\0002\0009\000.\0002\000.\0005\000\040\000T\000E\000S\000T\000\137\000C\000A\000S\000E\000\050\000\051\000\040\000[\0005\000/\0006\000]}{subsection.9.29.2}% 182
\BOOKMARK [3][-]{subsubsection.9.29.2.6}{\376\377\0009\000.\0002\0009\000.\0002\000.\0006\000\040\000T\000E\000S\000T\000\137\000C\000A\000S\000E\000\050\000\051\000\040\000[\0006\000/\0006\000]}{subsection.9.29.2}% 183
\BOOKMARK [1][-]{section.9.30}{\376\377\0009\000.\0003\0000\000\040\000t\000y\000p\000e\000d\000e\000f\000s\000.\000c\000p\000p\000\040\000F\000i\000l\000e\000\040\000R\000e\000f\000e\000r\000e\000n\000c\000e}{chapter.9}% 184
\BOOKMARK [2][-]{subsection.9.30.1}{\376\377\0009\000.\0003\0000\000.\0001\000\040\000D\000e\000t\000a\000i\000l\000e\000d\000\040\000D\000e\000s\000c\000r\000i\000p\000t\000i\000o\000n}{section.9.30}% 185
\BOOKMARK [1][-]{section.9.31}{\376\377\0009\000.\0003\0001\000\040\000v\000d\000.\000c\000p\000p\000\040\000F\000i\000l\000e\000\040\000R\000e\000f\000e\000r\000e\000n\000c\000e}{chapter.9}% 186
\BOOKMARK [2][-]{subsection.9.31.1}{\376\377\0009\000.\0003\0001\000.\0001\000\040\000D\000e\000t\000a\000i\000l\000e\000d\000\040\000D\000e\000s\000c\000r\000i\000p\000t\000i\000o\000n}{section.9.31}% 187
\BOOKMARK [1][-]{section.9.32}{\376\377\0009\000.\0003\0002\000\040\000v\000d\000.\000h\000\040\000F\000i\000l\000e\000\040\000R\000e\000f\000e\000r\000e\000n\000c\000e}{chapter.9}% 188
\BOOKMARK [2][-]{subsection.9.32.1}{\376\377\0009\000.\0003\0002\000.\0001\000\040\000D\000e\000t\000a\000i\000l\000e\000d\000\040\000D\000e\000s\000c\000r\000i\000p\000t\000i\000o\000n}{section.9.32}% 189
