
*****************************
VOISE Set Up -- version 1.3.2
*****************************

 * Image parameters
   ----------------

   size (in pixels)   =  792 x  766
   image centre (x,y) = 0 pixels, 0 pixels
   pixel size   (x,y) = 1 pixels, 1 pixels
   xlim               = 0 pixels, 791 pixels
   ylim               = 0 pixels, 765 pixels
   Wlim               = 0, 150

   HSTPlanetParam     = 0

 * Seeding parameters
   ---------------

   Seeds number       = 100
   Seeding function   = poissonSeeds

 * Dividing parameters
   -------------------

   p_D                = 85.0
   d^2_m              = 4.0
   algo               = 3

 * Merging parameters
   -------------------

   p_M                = 50.0
   dmu                = 0.2
   ksd                = 2.0
   thresHoldLength    = 0.3
   algo               = 3

 * Regularising parameters
   -----------------------

   regMaxIter         = 2
   algo               = 3


*****************************
poissonSeeds: ns=100, minDist=77.79, card(S)=78
*** Initialising VOISE
*** Initialising completed.
*** Starting dividing phase
Homogeneity Criteria min=0.00 max=1.00 Q(85)=1.00
Iter  1 Adding 245 seeds to Voronoi Diagram
Homogeneity Criteria min=0.00 max=1.00 Q(85)=1.00
Iter  2 Adding 755 seeds to Voronoi Diagram
Homogeneity Criteria min=0.00 max=1.00 Q(85)=1.00
Iter  3 Adding 1343 seeds to Voronoi Diagram
Homogeneity Criteria min=0.00 max=1.00 Q(85)=1.00
Iter  4 Adding 1444 seeds to Voronoi Diagram
Homogeneity Criteria min=0.00 max=1.00 Q(85)=0.97
Iter  5 Adding 1697 seeds to Voronoi Diagram
Homogeneity Criteria min=0.00 max=1.00 Q(85)=0.94
Iter  6 Adding 1446 seeds to Voronoi Diagram
Homogeneity Criteria min=0.00 max=1.00 Q(85)=0.91
Iter  7 Adding 1031 seeds to Voronoi Diagram
Homogeneity Criteria min=0.00 max=1.00 Q(85)=0.87
Iter  8 Adding 761 seeds to Voronoi Diagram
Homogeneity Criteria min=0.00 max=1.00 Q(85)=0.84
Iter  9 Adding 397 seeds to Voronoi Diagram
Homogeneity Criteria min=0.00 max=1.00 Q(85)=0.83
Iter 10 Adding 260 seeds to Voronoi Diagram
Homogeneity Criteria min=0.00 max=1.00 Q(85)=0.81
Iter 11 Adding 195 seeds to Voronoi Diagram
Homogeneity Criteria min=0.00 max=1.00 Q(85)=0.81
Iter 12 Adding 111 seeds to Voronoi Diagram
Homogeneity Criteria min=0.00 max=1.00 Q(85)=0.81
Iter 13 Adding 21 seeds to Voronoi Diagram
Homogeneity Criteria min=0.00 max=1.00 Q(85)=0.80
Iter 14 Adding 77 seeds to Voronoi Diagram
Homogeneity Criteria min=0.00 max=1.00 Q(85)=0.80
Iter 15 Adding 8 seeds to Voronoi Diagram
Homogeneity Criteria min=0.00 max=1.00 Q(85)=0.80
Iter 16 Adding 1 seeds to Voronoi Diagram
Homogeneity Criteria min=0.00 max=1.00 Q(85)=0.80
StopDiv = True
*** Dividing phase completed.
*** Starting merging phase
Homogeneity Criteria min=0.00 max=1.00 Q(50)=0.39
Elapsed time is 0.598357 seconds.
Iter  1 Removing 1947 seeds from Voronoi Diagram
Homogeneity Criteria min=0.00 max=1.00 Q(50)=0.51
Elapsed time is 0.412555 seconds.
Iter  2 Removing 508 seeds from Voronoi Diagram
Homogeneity Criteria min=0.00 max=1.00 Q(50)=0.54
Elapsed time is 0.368891 seconds.
Iter  3 Removing 154 seeds from Voronoi Diagram
Homogeneity Criteria min=0.00 max=1.00 Q(50)=0.55
Elapsed time is 0.373851 seconds.
Iter  4 Removing 38 seeds from Voronoi Diagram
Homogeneity Criteria min=0.00 max=1.00 Q(50)=0.55
Elapsed time is 0.422470 seconds.
Iter  5 Removing 34 seeds from Voronoi Diagram
Homogeneity Criteria min=0.00 max=1.00 Q(50)=0.55
Elapsed time is 0.410347 seconds.
Iter  6 Removing 2 seeds from Voronoi Diagram
Homogeneity Criteria min=0.00 max=1.00 Q(50)=0.55
Elapsed time is 0.366905 seconds.
Elapsed time is 0.367486 seconds.
*** Merging phase completed.
*** Starting regularisation phase
Maximum distance seed/centre-of-mass 1438.0 (1016.9)
Iter  1 Computing regularised Voronoi Diagram for 7175 seeds
Maximum distance seed/centre-of-mass 40.0 (30.0)
Iter  2 Computing regularised Voronoi Diagram for 7175 seeds
*** Regularisation phase completed.
*** Saving VOISE results in ../share/output/europe/voise.mat
*** Total elapsed time 00:01:49 [hh:mm:ss].
