
*****************************
VOISE Set Up -- version 1.3.2
*****************************

 * Image parameters
   ----------------

   size (in pixels)   =  256 x  256
   image centre (x,y) = -58.5606 pixels, 168.894 pixels
   pixel size   (x,y) = 0.0021304 R_J, 0.0021304 R_J
   xlim               = 0.124758 R_J, 0.668011 R_J
   ylim               = -0.359813 R_J, 0.18344 R_J
   Wlim               = 36.2158, 1229.94

   HSTPlanetParam     = 0

 * Seeding parameters
   ---------------

   Seeds number       = 12
   Seeding function   = poissonSeeds

 * Dividing parameters
   -------------------

   p_D                = 85.0
   d^2_m              = 7.0
   algo               = 3

 * Merging parameters
   -------------------

   p_M                = 50.0
   dmu                = 0.2
   ksd                = 2.0
   thresHoldLength    = 0.3
   algo               = 3

 * Regularising parameters
   -----------------------

   regMaxIter         = 2
   algo               = 3


*****************************
{Reference to non-existent field 'dpi'.

Error in <a href="matlab:matlab.internal.language.introspective.errorDocCallback('plotVOISE', '/home/jack/dev/project/voise-1.3/matlab/plotVOISE.m', 86)" style="font-weight:bold">plotVOISE</a> (<a href="matlab: opentoline('/home/jack/dev/project/voise-1.3/matlab/plotVOISE.m',86,0)">line 86</a>)
dpi = strcat('-r', num2str(params.dpi));

Error in <a href="matlab:matlab.internal.language.introspective.errorDocCallback('VOISE', '/home/jack/dev/project/voise-1.3/matlab/VOISE.m', 62)" style="font-weight:bold">VOISE</a> (<a href="matlab: opentoline('/home/jack/dev/project/voise-1.3/matlab/VOISE.m',62,0)">line 62</a>)
params = plotVOISE([], params, -1);

Error in <a href="matlab:matlab.internal.language.introspective.errorDocCallback('webVOISE', '/home/jack/dev/project/voise-1.3/matlab/webVOISE.m', 56)" style="font-weight:bold">webVOISE</a> (<a href="matlab: opentoline('/home/jack/dev/project/voise-1.3/matlab/webVOISE.m',56,0)">line 56</a>)
[params,IVD,DVD,MVD,CVD] = VOISE(params);

Error in <a href="matlab:matlab.internal.language.introspective.errorDocCallback('webVOISEdemo1', '/home/jack/dev/project/voise-1.3/matlab/webVOISEdemo1.m', 25)" style="font-weight:bold">webVOISEdemo1</a> (<a href="matlab: opentoline('/home/jack/dev/project/voise-1.3/matlab/webVOISEdemo1.m',25,0)">line 25</a>)
webVOISE('../share/VOISEdemo1.dat');
} 
webVOISEdemo2
