
*****************************
VOISE Set Up -- version 1.3.2
*****************************

 * Image parameters
   ----------------

   size (in pixels)   =  512 x  512
   image centre (x,y) = 0 pixels, 0 pixels
   pixel size   (x,y) = 1 pixels, 1 pixels
   xlim               = 0 pixels, 511 pixels
   ylim               = 0 pixels, 511 pixels
   Wlim               = 0.603701, 1.29282

   HSTPlanetParam     = 0

 * Seeding parameters
   ---------------

   Seeds number       = 15
   Seeds clipping     = [33.0,33.0,33.0,33.0]
   Seeding function   = poissonSeeds

 * Dividing parameters
   -------------------

   p_D                = 90.0
   d^2_m              = 5.0
   algo               = 2

 * Merging parameters
   -------------------

   p_M                = 50.0
   dmu                = 0.1
   ksd                = 2.0
   thresHoldLength    = 0.2
   algo               = 2

 * Regularising parameters
   -----------------------

   regMaxIter         = 2
   algo               = 2


*****************************
poissonSeeds: ns=15, minDist=45.18, card(S)=13
*** Initialising VOISE
Est. time full(   1:  13)/inc(   1:  13)    0.0/   0.1 s (Used    0.1 s)
*** Initialising completed.
*** Starting dividing phase
Homogeneity Criteria min=0.84 max=1.17 Q(90)=1.15
Iter  1 Adding 5 seeds to Voronoi Diagram
Est. time full(   1:  18)/inc_ML(  14:  18)/inc_C++(  14:  18)    0.0/   0.0/   0.0 s INCREMENTAL (C++)
(Used    0.0 s)
Homogeneity Criteria min=0.84 max=1.18 Q(90)=1.16
Iter  2 Adding 11 seeds to Voronoi Diagram
Est. time full(   1:  29)/inc_ML(  19:  29)/inc_C++(  19:  29)    0.1/   0.1/   0.0 s INCREMENTAL (C++)
(Used    0.0 s)
Homogeneity Criteria min=0.84 max=1.19 Q(90)=1.18
Iter  3 Adding 15 seeds to Voronoi Diagram
Est. time full(   1:  44)/inc_ML(  30:  44)/inc_C++(  30:  44)    0.1/   0.1/   0.1 s INCREMENTAL (C++)
(Used    0.0 s)
Homogeneity Criteria min=0.84 max=1.20 Q(90)=1.19
Iter  4 Adding 6 seeds to Voronoi Diagram
Est. time full(   1:  50)/inc_ML(  45:  50)/inc_C++(  45:  50)    0.1/   0.1/   0.0 s INCREMENTAL (C++)
(Used    0.0 s)
Homogeneity Criteria min=0.84 max=1.21 Q(90)=1.19
Iter  5 Adding 7 seeds to Voronoi Diagram
Est. time full(   1:  57)/inc_ML(  51:  57)/inc_C++(  51:  57)    0.2/   0.1/   0.0 s INCREMENTAL (C++)
(Used    0.0 s)
Homogeneity Criteria min=0.84 max=1.22 Q(90)=1.19
Iter  6 Adding 3 seeds to Voronoi Diagram
Est. time full(   1:  60)/inc_ML(  58:  60)/inc_C++(  58:  60)    0.2/   0.0/   0.0 s INCREMENTAL (C++)
(Used    0.0 s)
Homogeneity Criteria min=0.84 max=1.23 Q(90)=1.19
StopDiv = True
*** Dividing phase completed.
Dividing took 1.670679e+00 seconds
*** Starting merging phase
Homogeneity Criteria min=0.84 max=1.23 Q(50)=1.17
Elapsed time is 0.052337 seconds.
Iter  1 Removing 17 seeds from Voronoi Diagram
Est. time full(   1:  43)/inc_ML(  59:  43)/inc_C++(  59:  43)    0.1/   0.1/   0.1 s INCREMENTAL (C++)
(Used    0.1 s)
Homogeneity Criteria min=0.84 max=1.23 Q(50)=1.18
Elapsed time is 0.052047 seconds.
Iter  2 Removing 10 seeds from Voronoi Diagram
Est. time full(   1:  33)/inc_ML(  42:  33)/inc_C++(  42:  33)    0.1/   0.1/   0.0 s INCREMENTAL (C++)
(Used    0.1 s)
Homogeneity Criteria min=0.84 max=1.23 Q(50)=1.17
Elapsed time is 0.050079 seconds.
Iter  3 Removing 11 seeds from Voronoi Diagram
Est. time full(   1:  22)/inc_ML(  32:  22)/inc_C++(  32:  22)    0.1/   0.1/   0.0 s INCREMENTAL (C++)
(Used    0.1 s)
Homogeneity Criteria min=0.84 max=1.20 Q(50)=1.17
Elapsed time is 0.050071 seconds.
Iter  4 Removing 10 seeds from Voronoi Diagram
Est. time full(   1:  12)/inc_ML(  21:  12)/inc_C++(  21:  12)    0.0/   0.1/   0.0 s FULL
2.640624e-02
4.448661e-02
(Used    0.1 s)
Homogeneity Criteria min=0.84 max=1.18 Q(50)=0.86
Elapsed time is 0.050576 seconds.
Iter  5 Removing 4 seeds from Voronoi Diagram
Est. time full(   1:   8)/inc_ML(  11:   8)/inc_C++(  11:   8)    0.0/   0.0/   0.0 s FULL
1.475162e-02
1.781609e-02
(Used    0.1 s)
Homogeneity Criteria min=0.84 max=1.19 Q(50)=0.85
Elapsed time is 0.051365 seconds.
Iter  6 Removing 2 seeds from Voronoi Diagram
Est. time full(   1:   6)/inc_ML(   7:   6)/inc_C++(   7:   6)    0.0/   0.0/   0.0 s INCREMENTAL (C++)
(Used    0.0 s)
Homogeneity Criteria min=0.84 max=1.16 Q(50)=0.85
Elapsed time is 0.055657 seconds.
Elapsed time is 0.056012 seconds.
*** Merging phase completed.
Merging took 5.623100e-02 seconds
*** Starting regularisation phase
Maximum distance seed/centre-of-mass 229.0 (175.3)
Iter  1 Computing regularised Voronoi Diagram for 6 seeds
Est. time full(   1:   6)/inc(   1:   6)    0.0/   0.0 s (Used    0.0 s)
Maximum distance seed/centre-of-mass 92.0 (78.4)
Iter  2 Computing regularised Voronoi Diagram for 6 seeds
Est. time full(   1:   6)/inc(   1:   6)    0.0/   0.0 s (Used    0.1 s)
*** Regularisation phase completed.
*** Saving VOISE results in ../share/output/demo3/voise.mat
*** Total elapsed time 00:00:08 [hh:mm:ss].
